TN:
SF:script/DeployFunctionsOracle.s.sol
DA:13,0
FN:13,DeployFunctionsOracle.run
FNDA:0,DeployFunctionsOracle.run
DA:14,0
DA:16,0
DA:19,0
DA:21,0
DA:22,0
DA:24,0
BRDA:24,0,0,-
BRDA:24,0,1,-
DA:25,0
DA:26,0
DA:27,0
BRDA:27,1,0,-
BRDA:27,1,1,-
DA:28,0
DA:29,0
DA:31,0
DA:34,0
DA:36,0
DA:40,0
DA:42,0
DA:44,0
DA:45,0
DA:46,0
DA:48,0
FNF:1
FNH:0
LF:21
LH:0
BRF:4
BRH:0
end_of_record
TN:
SF:script/DeployIndexFactory.s.sol
DA:13,0
FN:13,DeployIndexFactory.run
FNDA:0,DeployIndexFactory.run
DA:14,0
DA:16,0
DA:19,0
DA:21,0
BRDA:21,0,0,-
BRDA:21,0,1,-
DA:22,0
DA:23,0
BRDA:23,1,0,-
BRDA:21,1,1,-
DA:24,0
DA:27,0
DA:29,0
DA:33,0
DA:35,0
DA:37,0
DA:38,0
DA:39,0
DA:41,0
FNF:1
FNH:0
LF:16
LH:0
BRF:4
BRH:0
end_of_record
TN:
SF:script/DeployIndexFactoryStorage.s.sol
DA:13,0
FN:13,DeployIndexFactoryStorage.run
FNDA:0,DeployIndexFactoryStorage.run
DA:14,0
DA:17,0
DA:19,0
DA:21,0
DA:41,0
DA:42,0
DA:44,0
DA:45,0
DA:46,0
DA:48,0
FNF:1
FNH:0
LF:11
LH:0
BRF:0
BRH:0
end_of_record
TN:
SF:script/DeployIndexToken.s.sol
DA:13,0
FN:13,DeployIndexToken.run
FNDA:0,DeployIndexToken.run
DA:14,0
DA:15,0
DA:16,0
DA:18,0
DA:21,0
DA:22,0
DA:23,0
DA:25,0
DA:27,0
BRDA:27,0,0,-
BRDA:27,0,1,-
DA:28,0
DA:29,0
DA:30,0
DA:31,0
BRDA:31,1,0,-
BRDA:31,1,1,-
DA:32,0
DA:33,0
DA:34,0
DA:36,0
DA:39,0
DA:41,0
DA:49,0
DA:51,0
DA:53,0
DA:54,0
DA:55,0
DA:57,0
FNF:1
FNH:0
LF:26
LH:0
BRF:4
BRH:0
end_of_record
TN:
SF:script/DeployStagingCustodyAccount.sol
DA:14,0
FN:14,DeployStagingCustodyAccount.run
FNDA:0,DeployStagingCustodyAccount.run
DA:15,0
DA:17,0
DA:20,0
DA:22,0
BRDA:22,0,0,-
BRDA:22,0,1,-
DA:23,0
DA:24,0
BRDA:24,1,0,-
BRDA:22,1,1,-
DA:25,0
DA:28,0
DA:30,0
DA:34,0
DA:36,0
DA:38,0
DA:39,0
DA:40,0
DA:42,0
FNF:1
FNH:0
LF:16
LH:0
BRF:4
BRH:0
end_of_record
TN:
SF:script/DeployVault.s.sol
DA:13,0
FN:13,DeployNexVault.run
FNDA:0,DeployNexVault.run
DA:14,0
DA:16,0
DA:18,0
DA:20,0
DA:21,0
DA:23,0
DA:25,0
DA:27,0
DA:28,0
DA:29,0
DA:31,0
FNF:1
FNH:0
LF:12
LH:0
BRF:0
BRH:0
end_of_record
TN:
SF:script/upgrade/UpgradeFunctionsOracle.s.sol
DA:11,0
FN:11,UpgradeFunctionOracle.run
FNDA:0,UpgradeFunctionOracle.run
DA:12,0
DA:13,0
DA:16,0
DA:18,0
DA:20,0
DA:22,0
BRDA:22,0,0,-
BRDA:22,0,1,-
DA:23,0
DA:24,0
BRDA:24,1,0,-
BRDA:24,1,1,-
DA:25,0
DA:27,0
DA:30,0
DA:32,0
DA:34,0
DA:36,0
FNF:1
FNH:0
LF:15
LH:0
BRF:4
BRH:0
end_of_record
TN:
SF:script/upgrade/UpgradeIndexFactory.s.sol
DA:11,0
FN:11,UpgradeIndexFactory.run
FNDA:0,UpgradeIndexFactory.run
DA:12,0
DA:13,0
DA:16,0
DA:18,0
DA:20,0
DA:22,0
BRDA:22,0,0,-
BRDA:22,0,1,-
DA:23,0
DA:24,0
BRDA:24,1,0,-
BRDA:24,1,1,-
DA:25,0
DA:27,0
DA:30,0
DA:32,0
DA:34,0
DA:36,0
FNF:1
FNH:0
LF:15
LH:0
BRF:4
BRH:0
end_of_record
TN:
SF:script/upgrade/UpgradeIndexFactoryStorage.s.sol
DA:11,0
FN:11,UpgradeIndexFactoryStorage.run
FNDA:0,UpgradeIndexFactoryStorage.run
DA:12,0
DA:13,0
DA:16,0
DA:18,0
DA:20,0
DA:22,0
BRDA:22,0,0,-
BRDA:22,0,1,-
DA:23,0
DA:24,0
BRDA:24,1,0,-
BRDA:24,1,1,-
DA:25,0
DA:27,0
DA:30,0
DA:32,0
DA:34,0
DA:36,0
FNF:1
FNH:0
LF:15
LH:0
BRF:4
BRH:0
end_of_record
TN:
SF:script/upgrade/UpgradeIndexToken.s.sol
DA:11,0
FN:11,UpgradeIndexToken.run
FNDA:0,UpgradeIndexToken.run
DA:12,0
DA:13,0
DA:15,0
DA:17,0
DA:19,0
DA:21,0
BRDA:21,0,0,-
BRDA:21,0,1,-
DA:22,0
DA:23,0
BRDA:23,1,0,-
BRDA:23,1,1,-
DA:24,0
DA:26,0
DA:29,0
DA:31,0
DA:33,0
DA:35,0
FNF:1
FNH:0
LF:15
LH:0
BRF:4
BRH:0
end_of_record
TN:
SF:script/upgrade/UpgradeStagingCustodyAccount.s.sol
DA:11,0
FN:11,UpgradeStagingCustodyAccount.run
FNDA:0,UpgradeStagingCustodyAccount.run
DA:12,0
DA:13,0
DA:16,0
DA:18,0
DA:20,0
DA:22,0
BRDA:22,0,0,-
BRDA:22,0,1,-
DA:23,0
DA:24,0
BRDA:24,1,0,-
BRDA:24,1,1,-
DA:25,0
DA:27,0
DA:30,0
DA:32,0
DA:34,0
DA:36,0
FNF:1
FNH:0
LF:15
LH:0
BRF:4
BRH:0
end_of_record
TN:
SF:script/upgrade/UpgradeVault.s.sol
DA:11,0
FN:11,UpgradeVault.run
FNDA:0,UpgradeVault.run
DA:12,0
DA:13,0
DA:15,0
DA:17,0
DA:19,0
DA:21,0
BRDA:21,0,0,-
BRDA:21,0,1,-
DA:22,0
DA:23,0
BRDA:23,1,0,-
BRDA:23,1,1,-
DA:24,0
DA:26,0
DA:29,0
DA:31,0
DA:33,0
DA:35,0
FNF:1
FNH:0
LF:15
LH:0
BRF:4
BRH:0
end_of_record
TN:
SF:src/SCA/StagingCustodyAccount.sol
DA:41,3
FN:41,StagingCustodyAccount.onlyOwnerOrOperator
FNDA:3,StagingCustodyAccount.onlyOwnerOrOperator
DA:42,3
BRDA:42,0,0,1
BRDA:42,0,1,5
DA:49,6
FN:49,StagingCustodyAccount.onlyNexBot
FNDA:6,StagingCustodyAccount.onlyNexBot
DA:50,6
BRDA:50,1,0,1
BRDA:50,1,1,6
DA:54,51
FN:54,StagingCustodyAccount.initialize
FNDA:51,StagingCustodyAccount.initialize
DA:55,51
DA:57,51
DA:58,51
DA:59,51
DA:60,51
DA:61,51
DA:62,51
DA:64,51
DA:65,51
DA:66,51
DA:72,102
FN:72,StagingCustodyAccount.constructor
FNDA:102,StagingCustodyAccount.constructor
DA:73,102
DA:76,6
FN:76,StagingCustodyAccount.issuanceAndWithdrawForPurchase
FNDA:6,StagingCustodyAccount.issuanceAndWithdrawForPurchase
DA:81,5
BRDA:81,2,0,1
BRDA:81,2,1,4
DA:82,4
BRDA:82,3,0,1
BRDA:82,3,1,3
DA:83,3
DA:84,3
BRDA:84,4,0,1
BRDA:84,4,1,2
DA:85,2
DA:86,2
DA:87,2
DA:88,2
DA:89,2
DA:92,4
FN:92,StagingCustodyAccount.withdrawForPurchase
FNDA:4,StagingCustodyAccount.withdrawForPurchase
DA:93,5
BRDA:93,5,0,1
BRDA:93,5,1,4
DA:94,4
BRDA:94,6,0,1
DA:97,3
DA:98,3
DA:101,2
FN:101,StagingCustodyAccount.rescue
FNDA:2,StagingCustodyAccount.rescue
DA:102,1
DA:103,1
DA:106,4
FN:106,StagingCustodyAccount.refund
FNDA:4,StagingCustodyAccount.refund
DA:107,3
BRDA:107,7,0,2
BRDA:107,7,1,1
DA:108,1
DA:109,1
DA:112,1
FN:112,StagingCustodyAccount.issuanceCrypto5
FNDA:1,StagingCustodyAccount.issuanceCrypto5
DA:116,2
DA:121,2
FN:121,StagingCustodyAccount.redemptionCrypto5
FNDA:2,StagingCustodyAccount.redemptionCrypto5
DA:127,1
DA:130,6
FN:130,StagingCustodyAccount.distributeTokens
FNDA:6,StagingCustodyAccount.distributeTokens
DA:134,5
BRDA:134,8,0,1
BRDA:134,8,1,4
DA:135,4
DA:136,6
DA:137,6
DA:138,6
DA:141,4
DA:142,4
DA:143,4
BRDA:143,9,0,1
BRDA:143,9,1,3
DA:145,3
DA:146,3
DA:148,3
DA:149,3
DA:150,6
DA:151,6
DA:152,6
BRDA:152,10,0,6
DA:153,6
DA:154,6
DA:158,3
DA:159,3
BRDA:159,11,0,-
DA:160,0
DA:163,3
DA:165,3
DA:168,7
FN:168,StagingCustodyAccount.settleRedemption
FNDA:7,StagingCustodyAccount.settleRedemption
DA:169,6
BRDA:169,12,0,1
BRDA:169,12,1,5
DA:170,5
BRDA:170,13,0,1
BRDA:170,13,1,4
DA:172,4
BRDA:172,14,0,1
DA:173,1
DA:176,4
DA:177,4
BRDA:177,15,0,1
BRDA:177,15,1,3
DA:179,3
DA:181,3
DA:182,3
DA:184,3
DA:185,6
DA:186,6
DA:187,6
DA:189,6
BRDA:189,16,0,6
DA:190,6
DA:191,6
DA:192,6
DA:196,3
DA:197,3
BRDA:197,17,0,1
DA:199,3
DA:202,3
FN:202,StagingCustodyAccount.initiateRedemptionBatch
FNDA:3,StagingCustodyAccount.initiateRedemptionBatch
DA:206,2
BRDA:206,18,0,-
BRDA:206,18,1,2
DA:207,2
BRDA:207,19,0,1
BRDA:207,19,1,1
DA:208,1
DA:210,0
DA:212,0
DA:213,0
DA:214,0
DA:215,0
DA:216,0
DA:218,0
DA:219,0
BRDA:219,21,0,-
DA:220,0
DA:224,0
DA:225,0
DA:226,0
BRDA:226,22,0,-
DA:227,0
DA:230,0
DA:231,0
BRDA:231,23,0,-
DA:232,0
DA:236,3
FN:236,StagingCustodyAccount.calculateMintAmount
FNDA:3,StagingCustodyAccount.calculateMintAmount
DA:241,6
DA:243,6
DA:244,6
BRDA:244,24,0,2
DA:245,2
DA:254,6
DA:255,6
BRDA:255,25,0,4
DA:256,4
DA:257,4
BRDA:257,26,0,4
DA:258,4
DA:259,4
BRDA:259,27,0,2
DA:260,2
DA:265,6
DA:266,6
DA:268,6
DA:270,6
BRDA:270,28,0,6
BRDA:270,28,1,-
DA:271,6
DA:275,0
DA:279,4
FN:279,StagingCustodyAccount._allPreviousRoundsSettled
FNDA:4,StagingCustodyAccount._allPreviousRoundsSettled
DA:280,4
DA:281,1
DA:282,1
BRDA:282,30,0,1
DA:283,1
DA:286,0
FNF:15
FNH:15
LF:131
LH:112
BRF:44
BRH:38
end_of_record
TN:
SF:src/chainlink/ChainlinkClient.sol
DA:47,15
FN:47,ChainlinkClient.buildChainlinkRequest
FNDA:15,ChainlinkClient.buildChainlinkRequest
DA:52,15
DA:53,15
DA:62,1
FN:62,ChainlinkClient.buildOperatorRequest
FNDA:1,ChainlinkClient.buildOperatorRequest
DA:67,1
DA:68,1
DA:78,13
FN:78,ChainlinkClient.sendChainlinkRequest
FNDA:13,ChainlinkClient.sendChainlinkRequest
DA:79,13
DA:92,14
FN:92,ChainlinkClient.sendChainlinkRequestTo
FNDA:14,ChainlinkClient.sendChainlinkRequestTo
DA:96,14
DA:97,14
DA:98,14
DA:109,14
DA:120,0
FN:120,ChainlinkClient.sendOperatorRequest
FNDA:0,ChainlinkClient.sendOperatorRequest
DA:121,0
DA:135,0
FN:135,ChainlinkClient.sendOperatorRequestTo
FNDA:0,ChainlinkClient.sendOperatorRequestTo
DA:139,0
DA:140,0
DA:141,0
DA:151,0
DA:162,14
FN:162,ChainlinkClient._rawRequest
FNDA:14,ChainlinkClient._rawRequest
DA:166,14
DA:167,14
DA:168,14
DA:169,14
BRDA:169,0,0,-
BRDA:169,0,1,12
DA:182,3
FN:182,ChainlinkClient.cancelChainlinkRequest
FNDA:3,ChainlinkClient.cancelChainlinkRequest
DA:185,3
DA:186,3
DA:187,3
DA:188,3
DA:196,4
FN:196,ChainlinkClient.getNextRequestCount
FNDA:4,ChainlinkClient.getNextRequestCount
DA:197,4
DA:204,22
FN:204,ChainlinkClient.setChainlinkOracle
FNDA:22,ChainlinkClient.setChainlinkOracle
DA:205,22
DA:212,24
FN:212,ChainlinkClient.setChainlinkToken
FNDA:24,ChainlinkClient.setChainlinkToken
DA:213,24
DA:220,2
FN:220,ChainlinkClient.setPublicChainlinkToken
FNDA:2,ChainlinkClient.setPublicChainlinkToken
DA:221,2
DA:228,3
FN:228,ChainlinkClient.chainlinkTokenAddress
FNDA:3,ChainlinkClient.chainlinkTokenAddress
DA:229,3
DA:236,1
FN:236,ChainlinkClient.chainlinkOracleAddress
FNDA:1,ChainlinkClient.chainlinkOracleAddress
DA:237,1
DA:246,4
FN:246,ChainlinkClient.addChainlinkExternalRequest
FNDA:4,ChainlinkClient.addChainlinkExternalRequest
DA:250,2
DA:259,0
FN:259,ChainlinkClient.useChainlinkWithENS
FNDA:0,ChainlinkClient.useChainlinkWithENS
DA:260,0
DA:261,0
DA:262,0
DA:263,0
DA:264,0
DA:265,0
DA:272,0
FN:272,ChainlinkClient.updateChainlinkOracleWithENS
FNDA:0,ChainlinkClient.updateChainlinkOracleWithENS
DA:273,0
DA:274,0
DA:275,0
DA:283,0
FN:283,ChainlinkClient.validateChainlinkCallback
FNDA:0,ChainlinkClient.validateChainlinkCallback
DA:292,4
FN:292,ChainlinkClient.recordChainlinkFulfillment
FNDA:4,ChainlinkClient.recordChainlinkFulfillment
DA:293,4
BRDA:293,1,0,4
BRDA:293,1,1,-
DA:294,0
DA:295,0
DA:303,4
FN:303,ChainlinkClient.notPendingRequest
FNDA:4,ChainlinkClient.notPendingRequest
DA:304,4
BRDA:304,2,0,2
BRDA:304,2,1,2
DA:308,0
FN:308,ChainlinkClient.getPendingRequest
FNDA:0,ChainlinkClient.getPendingRequest
DA:309,3
FNF:21
FNH:15
LF:64
LH:42
BRF:6
BRH:4
end_of_record
TN:
SF:src/chainlink/ConfirmedOwner.sol
DA:9,38
FN:9,ConfirmedOwner.__ConfirmedOwner_init
FNDA:38,ConfirmedOwner.__ConfirmedOwner_init
DA:10,38
FNF:1
FNH:1
LF:2
LH:2
BRF:0
BRH:0
end_of_record
TN:
SF:src/chainlink/ConfirmedOwnerWithProposal.sol
DA:15,38
FN:15,ConfirmedOwnerWithProposal.__ConfirmedOwnerWithProposal_init
FNDA:38,ConfirmedOwnerWithProposal.__ConfirmedOwnerWithProposal_init
DA:17,38
BRDA:17,0,0,-
BRDA:17,0,1,38
DA:19,38
DA:20,38
BRDA:20,1,0,-
DA:21,0
DA:26,9
FN:26,ConfirmedOwnerWithProposal.transferOwnership
FNDA:9,ConfirmedOwnerWithProposal.transferOwnership
DA:27,9
DA:31,9
FN:31,ConfirmedOwnerWithProposal.acceptOwnership
FNDA:9,ConfirmedOwnerWithProposal.acceptOwnership
DA:33,9
BRDA:33,2,0,-
BRDA:33,2,1,9
DA:35,9
DA:36,9
DA:37,9
DA:39,9
DA:43,3
FN:43,ConfirmedOwnerWithProposal.owner
FNDA:3,ConfirmedOwnerWithProposal.owner
DA:44,4
DA:48,9
FN:48,ConfirmedOwnerWithProposal._transferOwnership
FNDA:9,ConfirmedOwnerWithProposal._transferOwnership
DA:50,9
BRDA:50,3,0,-
BRDA:50,3,1,9
DA:52,9
DA:54,9
DA:58,20
FN:58,ConfirmedOwnerWithProposal._validateOwnership
FNDA:20,ConfirmedOwnerWithProposal._validateOwnership
DA:60,20
BRDA:60,4,0,1
BRDA:60,4,1,19
DA:64,2
FN:64,ConfirmedOwnerWithProposal.onlyOwner
FNDA:2,ConfirmedOwnerWithProposal.onlyOwner
DA:65,2
FNF:7
FNH:7
LF:23
LH:22
BRF:9
BRH:5
end_of_record
TN:
SF:src/chainlink/FunctionsClient.sol
DA:20,38
FN:20,FunctionsClient.__FunctionsClient_init
FNDA:38,FunctionsClient.__FunctionsClient_init
DA:21,38
DA:29,0
FN:29,FunctionsClient._sendRequest
FNDA:0,FunctionsClient._sendRequest
DA:33,0
DA:34,0
DA:35,0
DA:36,0
DA:47,0
FN:47,FunctionsClient.handleOracleFulfillment
FNDA:0,FunctionsClient.handleOracleFulfillment
DA:48,0
BRDA:48,0,0,-
DA:49,0
DA:51,0
DA:52,0
FNF:3
FNH:1
LF:12
LH:2
BRF:1
BRH:0
end_of_record
TN:
SF:src/factory/FunctionsOracle.sol
DA:38,1
FN:38,FunctionsOracle.onlyOwnerOrOperator
FNDA:1,FunctionsOracle.onlyOwnerOrOperator
DA:39,1
BRDA:39,0,0,1
BRDA:39,0,1,-
DA:46,38
FN:46,FunctionsOracle.initialize
FNDA:38,FunctionsOracle.initialize
DA:47,38
BRDA:47,1,0,-
BRDA:47,1,1,38
DA:48,38
BRDA:48,2,0,-
BRDA:48,2,1,38
DA:49,38
DA:50,38
DA:51,38
DA:52,38
DA:56,60
FN:56,FunctionsOracle.constructor
FNDA:60,FunctionsOracle.constructor
DA:57,60
DA:61,3
FN:61,FunctionsOracle.setOperator
FNDA:3,FunctionsOracle.setOperator
DA:62,3
DA:69,2
FN:69,FunctionsOracle.setDonId
FNDA:2,FunctionsOracle.setDonId
DA:70,1
DA:77,2
FN:77,FunctionsOracle.setFunctionsRouterAddress
FNDA:2,FunctionsOracle.setFunctionsRouterAddress
DA:78,2
BRDA:78,3,0,1
BRDA:78,3,1,1
DA:79,1
DA:82,4
FN:82,FunctionsOracle.setFactoryBalancer
FNDA:4,FunctionsOracle.setFactoryBalancer
DA:83,4
BRDA:83,4,0,1
BRDA:83,4,1,3
DA:84,3
DA:87,1
FN:87,FunctionsOracle.requestAssetsData
FNDA:1,FunctionsOracle.requestAssetsData
DA:92,0
DA:93,0
DA:94,0
DA:104,0
FN:104,FunctionsOracle.fulfillRequest
FNDA:0,FunctionsOracle.fulfillRequest
DA:105,0
DA:106,0
BRDA:106,5,0,-
BRDA:106,5,1,-
DA:107,0
BRDA:107,6,0,-
BRDA:107,6,1,-
DA:108,0
BRDA:108,7,0,-
BRDA:108,7,1,-
DA:109,0
DA:112,54
FN:112,FunctionsOracle._initData
FNDA:54,FunctionsOracle._initData
DA:113,54
DA:114,54
DA:116,54
DA:117,79
DA:118,79
DA:119,79
DA:120,79
BRDA:120,8,0,77
DA:121,77
DA:122,77
DA:123,77
DA:126,54
DA:127,54
BRDA:127,9,0,53
DA:128,53
DA:130,54
DA:133,2
FN:133,FunctionsOracle.updateCurrentList
FNDA:2,FunctionsOracle.updateCurrentList
DA:134,2
BRDA:134,10,0,1
BRDA:134,10,1,1
DA:135,1
DA:136,1
DA:137,2
DA:138,2
DA:139,2
DA:140,2
FNF:11
FNH:10
LF:54
LH:45
BRF:20
BRH:11
end_of_record
TN:
SF:src/factory/IndexFactory.sol
DA:56,6
FN:56,IndexFactory.onlyOwnerOrOperator
FNDA:6,IndexFactory.onlyOwnerOrOperator
DA:57,6
BRDA:57,0,0,3
BRDA:57,0,1,3
DA:64,22
FN:64,IndexFactory.initialize
FNDA:22,IndexFactory.initialize
DA:65,22
DA:66,22
DA:67,22
DA:68,22
DA:70,22
DA:71,22
DA:72,22
DA:76,22
FN:76,IndexFactory.constructor
FNDA:22,IndexFactory.constructor
DA:77,22
DA:80,17
FN:80,IndexFactory.issuanceIndexToken
FNDA:17,IndexFactory.issuanceIndexToken
DA:81,17
BRDA:81,1,0,2
DA:83,15
DA:84,15
DA:85,15
DA:87,15
DA:88,15
DA:89,15
DA:91,15
DA:93,15
DA:94,15
DA:97,6
FN:97,IndexFactory.cancelIssuance
FNDA:6,IndexFactory.cancelIssuance
DA:98,6
BRDA:98,2,0,2
BRDA:98,2,1,4
DA:99,4
DA:100,4
BRDA:100,3,0,3
BRDA:100,3,1,1
DA:102,1
DA:103,1
BRDA:103,4,0,-
BRDA:103,4,1,1
DA:105,1
DA:106,1
DA:107,1
DA:109,1
DA:112,4
FN:112,IndexFactory.redemption
FNDA:4,IndexFactory.redemption
DA:113,4
BRDA:113,5,0,2
DA:115,2
DA:117,2
DA:119,2
DA:120,2
DA:121,2
DA:122,2
DA:125,6
FN:125,IndexFactory.increaseCurrentRoundId
FNDA:6,IndexFactory.increaseCurrentRoundId
DA:126,3
FNF:7
FNH:7
LF:43
LH:43
BRF:10
BRH:9
end_of_record
TN:
SF:src/factory/IndexFactoryStorage.sol
DA:53,95
FN:53,IndexFactoryStorage.onlyFactory
FNDA:95,IndexFactoryStorage.onlyFactory
DA:54,95
BRDA:54,0,0,1
BRDA:54,0,1,2
DA:58,8
FN:58,IndexFactoryStorage.onlyOwnerOrOperator
FNDA:8,IndexFactoryStorage.onlyOwnerOrOperator
DA:59,8
BRDA:59,1,0,1
BRDA:59,1,1,5
DA:66,106
FN:66,IndexFactoryStorage.initialize
FNDA:106,IndexFactoryStorage.initialize
DA:78,106
BRDA:78,2,0,1
BRDA:78,2,1,105
DA:79,105
BRDA:79,3,0,1
BRDA:79,3,1,104
DA:80,104
BRDA:80,4,0,1
BRDA:80,4,1,103
DA:81,103
BRDA:81,5,0,1
BRDA:81,5,1,102
DA:82,102
BRDA:82,6,0,1
BRDA:82,6,1,101
DA:83,101
BRDA:83,7,0,1
BRDA:83,7,1,100
DA:85,100
DA:87,100
DA:88,100
DA:89,100
DA:90,100
DA:91,100
DA:92,100
DA:93,100
DA:95,100
DA:96,100
DA:97,100
DA:98,100
DA:99,100
DA:100,100
DA:101,100
DA:105,106
FN:105,IndexFactoryStorage.constructor
FNDA:106,IndexFactoryStorage.constructor
DA:106,106
DA:109,1
FN:109,IndexFactoryStorage.setNexBotAddress
FNDA:1,IndexFactoryStorage.setNexBotAddress
DA:110,1
BRDA:110,8,0,1
DA:111,0
DA:114,2
FN:114,IndexFactoryStorage.setSCA
FNDA:2,IndexFactoryStorage.setSCA
DA:115,2
BRDA:115,9,0,1
DA:116,1
BRDA:116,10,0,-
BRDA:116,10,1,1
DA:117,1
DA:120,25
FN:120,IndexFactoryStorage.setFeeReceiver
FNDA:25,IndexFactoryStorage.setFeeReceiver
DA:121,24
BRDA:121,11,0,1
DA:122,23
DA:125,18
FN:125,IndexFactoryStorage.setIssuanceInputAmount
FNDA:18,IndexFactoryStorage.setIssuanceInputAmount
DA:126,17
BRDA:126,12,0,1
DA:127,16
DA:130,5
FN:130,IndexFactoryStorage.setRedemptionInputAmount
FNDA:5,IndexFactoryStorage.setRedemptionInputAmount
DA:131,4
BRDA:131,13,0,1
DA:132,3
DA:135,3
FN:135,IndexFactoryStorage.setBurnedTokenAmountByNonce
FNDA:3,IndexFactoryStorage.setBurnedTokenAmountByNonce
DA:136,2
BRDA:136,14,0,1
DA:137,1
DA:140,3
FN:140,IndexFactoryStorage.setRoundIdToAddresses
FNDA:3,IndexFactoryStorage.setRoundIdToAddresses
DA:141,2
BRDA:141,15,0,1
BRDA:141,15,1,1
DA:142,1
DA:145,3
FN:145,IndexFactoryStorage.setIssuanceCompleted
FNDA:3,IndexFactoryStorage.setIssuanceCompleted
DA:146,2
DA:149,9
FN:149,IndexFactoryStorage.increaseCurrentRoundId
FNDA:9,IndexFactoryStorage.increaseCurrentRoundId
DA:150,8
DA:153,9
FN:153,IndexFactoryStorage.setRedemptionRoundActive
FNDA:9,IndexFactoryStorage.setRedemptionRoundActive
DA:154,7
DA:157,95
FN:157,IndexFactoryStorage.addIssuanceForCurrentRound
FNDA:95,IndexFactoryStorage.addIssuanceForCurrentRound
DA:158,94
BRDA:158,16,0,53
DA:159,53
DA:162,94
BRDA:162,17,0,91
DA:163,91
DA:165,94
DA:166,94
DA:169,36
FN:169,IndexFactoryStorage.addRedemptionForCurrentRound
FNDA:36,IndexFactoryStorage.addRedemptionForCurrentRound
DA:170,35
DA:172,35
BRDA:172,18,0,11
DA:174,35
BRDA:174,19,0,33
DA:175,33
DA:178,35
DA:179,35
DA:182,5
FN:182,IndexFactoryStorage.addressesInRedemptionRound
FNDA:5,IndexFactoryStorage.addressesInRedemptionRound
DA:183,5
DA:186,8
FN:186,IndexFactoryStorage.addressesInRound
FNDA:8,IndexFactoryStorage.addressesInRound
DA:187,8
DA:190,1
FN:190,IndexFactoryStorage.getRedemptionRoundActive
FNDA:1,IndexFactoryStorage.getRedemptionRoundActive
DA:191,1
DA:194,19
FN:194,IndexFactoryStorage.setIssuanceRequesterByNonce
FNDA:19,IndexFactoryStorage.setIssuanceRequesterByNonce
DA:195,17
DA:198,11
FN:198,IndexFactoryStorage.undoIssuance
FNDA:11,IndexFactoryStorage.undoIssuance
DA:199,10
DA:201,10
DA:202,10
BRDA:202,20,0,1
BRDA:202,20,1,9
DA:204,9
DA:205,9
DA:207,9
BRDA:207,21,0,8
DA:208,8
DA:209,8
DA:210,9
BRDA:210,22,0,8
DA:211,8
DA:212,8
DA:213,8
DA:216,8
BRDA:216,23,0,3
DA:217,3
DA:222,4
FN:222,IndexFactoryStorage.undoRedemption
FNDA:4,IndexFactoryStorage.undoRedemption
DA:223,3
DA:224,3
DA:225,3
BRDA:225,24,0,1
BRDA:225,24,1,2
DA:227,2
DA:228,2
DA:230,2
BRDA:230,25,0,1
DA:231,1
DA:232,1
DA:233,1
BRDA:233,26,0,1
DA:234,1
DA:235,1
DA:236,1
DA:239,1
BRDA:239,27,0,-
DA:240,0
DA:249,8
FN:249,IndexFactoryStorage.settleIssuance
FNDA:8,IndexFactoryStorage.settleIssuance
DA:250,7
DA:251,7
DA:252,10
DA:254,7
DA:256,7
DA:258,7
DA:259,7
DA:261,7
DA:264,6
FN:264,IndexFactoryStorage.settleRedemption
FNDA:6,IndexFactoryStorage.settleRedemption
DA:265,5
DA:266,5
DA:267,9
DA:269,5
DA:270,5
DA:272,5
DA:273,5
DA:274,5
DA:276,5
DA:279,0
FN:279,IndexFactoryStorage._pruneAddress
FNDA:0,IndexFactoryStorage._pruneAddress
DA:280,0
DA:281,0
DA:282,0
BRDA:282,28,0,-
DA:283,0
DA:284,0
DA:285,0
DA:288,0
BRDA:288,29,0,-
DA:291,2
FN:291,IndexFactoryStorage.nextProcessableRoundId
FNDA:2,IndexFactoryStorage.nextProcessableRoundId
DA:292,2
DA:293,2
DA:294,1
BRDA:294,30,0,1
DA:295,1
DA:298,1
FNF:26
FNH:25
LF:141
LH:131
BRF:43
BRH:39
end_of_record
TN:
SF:src/helpers/LinkToken.sol
DA:562,14
FN:562,ERC677Token.transferAndCall
FNDA:14,ERC677Token.transferAndCall
DA:568,14
DA:569,14
DA:570,14
BRDA:570,0,0,14
DA:571,14
DA:573,14
DA:578,14
FN:578,ERC677Token.contractFallback
FNDA:14,ERC677Token.contractFallback
DA:579,14
DA:580,14
DA:583,14
FN:583,ERC677Token.isContract
FNDA:14,ERC677Token.isContract
DA:584,14
DA:586,14
DA:588,14
DA:643,22
FN:643,LinkToken.constructor
FNDA:22,LinkToken.constructor
DA:644,22
DA:652,22
FN:652,LinkToken._onCreate
FNDA:22,LinkToken._onCreate
DA:653,22
DA:702,0
FN:702,LinkToken.validAddress
FNDA:0,LinkToken.validAddress
DA:703,0
BRDA:703,0,0,-
BRDA:703,0,1,-
FNF:6
FNH:5
LF:19
LH:17
BRF:3
BRH:1
end_of_record
TN:
SF:src/helpers/MockApiOracle.sol
DA:47,22
FN:47,MockApiOracle.constructor
FNDA:22,MockApiOracle.constructor
DA:48,22
DA:64,14
FN:64,MockApiOracle.oracleRequest
FNDA:14,MockApiOracle.oracleRequest
DA:74,14
DA:75,14
BRDA:75,0,0,-
BRDA:75,0,1,14
DA:77,14
DA:79,14
DA:81,14
DA:94,0
FN:94,MockApiOracle.fulfillOracleFundingRateRequest
FNDA:0,MockApiOracle.fulfillOracleFundingRateRequest
DA:99,0
DA:100,0
DA:101,0
BRDA:101,1,0,-
BRDA:101,1,1,-
DA:105,0
DA:106,0
DA:107,0
DA:108,0
DA:111,0
DA:116,0
DA:119,0
FN:119,MockApiOracle.uintToBytes32
FNDA:0,MockApiOracle.uintToBytes32
DA:120,0
DA:123,0
FN:123,MockApiOracle.convertToBytes
FNDA:0,MockApiOracle.convertToBytes
DA:124,0
DA:126,0
DA:129,0
FN:129,MockApiOracle.convertUintToBytes32
FNDA:0,MockApiOracle.convertUintToBytes32
DA:130,0
DA:131,0
BRDA:131,2,0,-
BRDA:131,2,1,-
DA:133,0
DA:134,0
DA:136,0
DA:137,0
DA:138,0
DA:139,0
BRDA:139,3,0,-
DA:140,0
DA:142,0
DA:143,0
DA:144,0
DA:146,0
DA:147,0
DA:150,0
DA:153,0
FN:153,MockApiOracle.bytes32ArrayFromUintArray
FNDA:0,MockApiOracle.bytes32ArrayFromUintArray
DA:154,0
DA:155,0
DA:157,0
DA:160,0
DA:162,0
DA:164,0
DA:167,0
FN:167,MockApiOracle.convertIntToBytes32Array
FNDA:0,MockApiOracle.convertIntToBytes32Array
DA:168,0
DA:169,0
DA:170,0
BRDA:170,4,0,-
BRDA:170,4,1,-
DA:172,0
BRDA:172,5,0,-
BRDA:172,5,1,-
DA:174,0
DA:175,0
DA:176,0
DA:179,0
DA:182,0
FN:182,MockApiOracle.bytes32FromIntAtIndex
FNDA:0,MockApiOracle.bytes32FromIntAtIndex
DA:183,0
DA:185,0
DA:187,0
DA:190,0
FN:190,MockApiOracle.convertStringToBytes32Array
FNDA:0,MockApiOracle.convertStringToBytes32Array
DA:191,0
DA:192,0
BRDA:192,6,0,-
BRDA:192,6,1,-
DA:194,0
DA:195,0
DA:196,0
DA:199,0
DA:202,0
FN:202,MockApiOracle.stringToBytes32
FNDA:0,MockApiOracle.stringToBytes32
DA:203,0
DA:205,0
DA:207,0
DA:218,0
FN:218,MockApiOracle.fulfillOracleOjectRequest
FNDA:0,MockApiOracle.fulfillOracleOjectRequest
DA:223,0
DA:224,0
DA:225,0
BRDA:225,7,0,-
BRDA:225,7,1,-
DA:229,0
DA:230,0
DA:242,0
FN:242,MockApiOracle.fulfillOracleStatusRequest
FNDA:0,MockApiOracle.fulfillOracleStatusRequest
DA:247,0
DA:248,0
DA:249,0
BRDA:249,8,0,-
BRDA:249,8,1,-
DA:253,0
DA:254,0
DA:266,3
FN:266,MockApiOracle.cancelOracleRequest
FNDA:3,MockApiOracle.cancelOracleRequest
DA:267,3
BRDA:267,9,0,-
BRDA:267,9,1,3
DA:269,3
BRDA:269,10,0,1
BRDA:269,10,1,2
DA:271,2
DA:272,2
DA:274,2
DA:282,0
FN:282,MockApiOracle.getChainlinkToken
FNDA:0,MockApiOracle.getChainlinkToken
DA:283,28
DA:292,0
FN:292,MockApiOracle.isValidRequest
FNDA:0,MockApiOracle.isValidRequest
DA:293,0
BRDA:293,11,0,-
BRDA:293,11,1,-
DA:301,14
FN:301,MockApiOracle.checkCallbackAddress
FNDA:14,MockApiOracle.checkCallbackAddress
DA:302,14
BRDA:302,12,0,-
BRDA:302,12,1,14
FNF:17
FNH:4
LF:94
LH:17
BRF:25
BRH:5
end_of_record
TN:
SF:src/helpers/libs/LinkTokenReceiver.sol
DA:18,14
FN:18,LinkTokenReceiver.onTokenTransfer
FNDA:14,LinkTokenReceiver.onTokenTransfer
DA:26,14
DA:28,14
DA:31,14
DA:32,14
BRDA:32,0,0,-
BRDA:32,0,1,14
DA:40,14
FN:40,LinkTokenReceiver.onlyLINK
FNDA:14,LinkTokenReceiver.onlyLINK
DA:41,14
BRDA:41,1,0,-
BRDA:41,1,1,14
DA:49,14
FN:49,LinkTokenReceiver.permittedFunctionsForLINK
FNDA:14,LinkTokenReceiver.permittedFunctionsForLINK
DA:50,14
DA:53,14
DA:55,14
BRDA:55,2,0,-
BRDA:55,2,1,14
DA:63,14
FN:63,LinkTokenReceiver.validRequestLength
FNDA:14,LinkTokenReceiver.validRequestLength
DA:64,14
BRDA:64,3,0,-
BRDA:64,3,1,14
FNF:4
FNH:4
LF:13
LH:13
BRF:8
BRH:4
end_of_record
TN:
SF:src/helpers/libs/SafeMathChainlink.sol
DA:27,14
FN:27,SafeMathChainlink.add
FNDA:14,SafeMathChainlink.add
DA:28,14
DA:29,14
BRDA:29,0,0,-
BRDA:29,0,1,14
DA:31,14
DA:43,0
FN:43,SafeMathChainlink.sub
FNDA:0,SafeMathChainlink.sub
DA:44,0
BRDA:44,1,0,-
BRDA:44,1,1,-
DA:45,0
DA:47,0
DA:59,0
FN:59,SafeMathChainlink.mul
FNDA:0,SafeMathChainlink.mul
DA:63,0
BRDA:63,2,0,-
DA:64,0
DA:67,0
DA:68,0
BRDA:68,3,0,-
BRDA:68,3,1,-
DA:70,0
DA:84,0
FN:84,SafeMathChainlink.div
FNDA:0,SafeMathChainlink.div
DA:86,0
BRDA:86,4,0,-
BRDA:86,4,1,-
DA:87,0
DA:90,0
DA:104,0
FN:104,SafeMathChainlink.mod
FNDA:0,SafeMathChainlink.mod
DA:105,0
BRDA:105,5,0,-
BRDA:105,5,1,-
DA:106,0
FNF:5
FNH:1
LF:21
LH:4
BRF:11
BRH:1
end_of_record
TN:
SF:src/proposable/ProposableOwnable.sol
DA:12,3
FN:12,ProposableOwnable.transferOwnership
FNDA:3,ProposableOwnable.transferOwnership
DA:13,3
BRDA:13,0,0,1
BRDA:13,0,1,2
DA:14,2
BRDA:14,1,0,1
BRDA:14,1,1,1
DA:15,1
BRDA:15,2,0,1
BRDA:15,2,1,-
DA:16,0
DA:19,4
FN:19,ProposableOwnable.proposeOwner
FNDA:4,ProposableOwnable.proposeOwner
DA:20,4
BRDA:20,3,0,1
BRDA:20,3,1,3
DA:21,3
FNF:2
FNH:2
LF:8
LH:7
BRF:8
BRH:7
end_of_record
TN:
SF:src/proposable/ProposableOwnableUpgradeable.sol
DA:13,3
FN:13,ProposableOwnableUpgradeable.transferOwnership
FNDA:3,ProposableOwnableUpgradeable.transferOwnership
DA:14,3
BRDA:14,0,0,-
BRDA:14,0,1,3
DA:15,3
BRDA:15,1,0,1
BRDA:15,1,1,2
DA:16,2
BRDA:16,2,0,1
BRDA:16,2,1,1
DA:17,1
DA:20,5
FN:20,ProposableOwnableUpgradeable.proposeOwner
FNDA:5,ProposableOwnableUpgradeable.proposeOwner
DA:21,5
BRDA:21,3,0,1
BRDA:21,3,1,4
DA:22,4
FNF:2
FNH:2
LF:8
LH:8
BRF:8
BRH:7
end_of_record
TN:
SF:src/token/IndexToken.sol
DA:36,3
FN:36,IndexToken.onlyMethodologist
FNDA:3,IndexToken.onlyMethodologist
DA:37,3
BRDA:37,0,0,1
BRDA:37,0,1,2
DA:41,49
FN:41,IndexToken.onlyMinter
FNDA:49,IndexToken.onlyMinter
DA:42,49
BRDA:42,1,0,1
BRDA:42,1,1,10
DA:46,153
FN:46,IndexToken.initialize
FNDA:153,IndexToken.initialize
DA:53,153
BRDA:53,2,0,1
BRDA:53,2,1,152
DA:54,152
BRDA:54,3,0,1
BRDA:54,3,1,151
DA:55,151
BRDA:55,4,0,1
BRDA:55,4,1,150
DA:56,150
BRDA:56,5,0,1
BRDA:56,5,1,149
DA:57,149
BRDA:57,6,0,1
BRDA:57,6,1,148
DA:59,148
DA:60,148
DA:61,148
DA:62,148
DA:64,148
DA:65,148
DA:66,148
DA:67,148
DA:71,153
FN:71,IndexToken.constructor
FNDA:153,IndexToken.constructor
DA:72,153
DA:79,50
FN:79,IndexToken.mint
FNDA:50,IndexToken.mint
DA:80,48
BRDA:80,7,0,1
BRDA:80,7,1,47
DA:81,47
BRDA:81,8,0,1
BRDA:81,8,1,46
DA:82,46
BRDA:82,9,0,1
BRDA:82,9,1,45
DA:83,45
BRDA:83,10,0,1
BRDA:83,10,1,44
DA:84,44
BRDA:84,11,0,1
BRDA:84,11,1,43
DA:85,43
DA:86,43
DA:93,12
FN:93,IndexToken.burn
FNDA:12,IndexToken.burn
DA:94,10
BRDA:94,12,0,1
BRDA:94,12,1,9
DA:95,9
BRDA:95,13,0,1
BRDA:95,13,1,8
DA:96,8
BRDA:96,14,0,1
BRDA:96,14,1,7
DA:97,7
DA:98,7
DA:101,53
FN:101,IndexToken._mintToFeeReceiver
FNDA:53,IndexToken._mintToFeeReceiver
DA:102,53
DA:104,53
BRDA:104,15,0,4
DA:105,4
DA:106,4
DA:107,4
DA:109,4
DA:110,4
DA:112,4
DA:113,4
DA:115,4
BRDA:115,16,0,1
BRDA:115,16,1,3
DA:117,3
DA:119,3
DA:126,2
FN:126,IndexToken.mintToFeeReceiver
FNDA:2,IndexToken.mintToFeeReceiver
DA:127,2
DA:132,4
FN:132,IndexToken.setMethodologist
FNDA:4,IndexToken.setMethodologist
DA:133,4
BRDA:133,17,0,1
BRDA:133,17,1,3
DA:134,3
DA:135,3
DA:140,3
FN:140,IndexToken.setMethodology
FNDA:3,IndexToken.setMethodology
DA:141,2
BRDA:141,18,0,1
BRDA:141,18,1,1
DA:142,1
DA:143,1
DA:149,1
FN:149,IndexToken.setFeeRate
FNDA:1,IndexToken.setFeeRate
DA:150,1
DA:151,1
DA:152,1
DA:157,2
FN:157,IndexToken.setFeeReceiver
FNDA:2,IndexToken.setFeeReceiver
DA:158,2
BRDA:158,19,0,1
BRDA:158,19,1,1
DA:159,1
DA:160,1
DA:165,130
FN:165,IndexToken.setMinter
FNDA:130,IndexToken.setMinter
DA:166,130
BRDA:166,20,0,1
BRDA:166,20,1,129
DA:167,129
DA:168,129
DA:173,1
FN:173,IndexToken.setSupplyCeiling
FNDA:1,IndexToken.setSupplyCeiling
DA:174,1
DA:175,1
DA:178,4
FN:178,IndexToken.pause
FNDA:4,IndexToken.pause
DA:179,4
DA:182,3
FN:182,IndexToken.unpause
FNDA:3,IndexToken.unpause
DA:183,3
DA:189,16
FN:189,IndexToken.toggleRestriction
FNDA:16,IndexToken.toggleRestriction
DA:190,16
DA:191,16
DA:198,30
FN:198,IndexToken.transfer
FNDA:30,IndexToken.transfer
DA:199,29
BRDA:199,21,0,1
BRDA:199,21,1,28
DA:200,28
BRDA:200,22,0,1
BRDA:200,22,1,27
DA:201,27
BRDA:201,23,0,1
BRDA:201,23,1,26
DA:202,26
BRDA:202,24,0,1
BRDA:202,24,1,25
DA:204,25
DA:205,25
DA:213,12
FN:213,IndexToken.transferFrom
FNDA:12,IndexToken.transferFrom
DA:214,11
BRDA:214,25,0,-
BRDA:214,25,1,11
DA:215,11
BRDA:215,26,0,1
BRDA:215,26,1,10
DA:216,10
BRDA:216,27,0,1
BRDA:216,27,1,9
DA:217,9
BRDA:217,28,0,1
BRDA:217,28,1,8
DA:218,8
BRDA:218,29,0,1
BRDA:218,29,1,7
DA:219,7
BRDA:219,30,0,1
BRDA:219,30,1,6
DA:221,6
DA:222,6
DA:223,6
FNF:19
FNH:19
LF:96
LH:96
BRF:61
BRH:60
end_of_record
TN:
SF:src/vault/Vault.sol
DA:15,5
FN:15,Vault.onlyOperator
FNDA:5,Vault.onlyOperator
DA:16,5
BRDA:16,0,0,1
BRDA:16,0,1,4
DA:20,27
FN:20,Vault.initialize
FNDA:27,Vault.initialize
DA:21,27
DA:22,27
DA:26,27
FN:26,Vault.constructor
FNDA:27,Vault.constructor
DA:27,27
DA:30,27
FN:30,Vault.setOperator
FNDA:27,Vault.setOperator
DA:31,27
DA:34,5
FN:34,Vault.withdrawFunds
FNDA:5,Vault.withdrawFunds
DA:35,4
BRDA:35,1,0,1
BRDA:35,1,1,3
DA:36,3
BRDA:36,2,0,1
BRDA:36,2,1,2
DA:37,2
BRDA:37,3,0,1
BRDA:37,3,1,1
DA:39,1
DA:40,1
FNF:5
FNH:5
LF:15
LH:15
BRF:8
BRH:8
end_of_record
TN:
SF:test/ChainlinkClient.t.sol
DA:256,0
FN:256,MockPointerInterface.constructor
FNDA:0,MockPointerInterface.constructor
DA:257,0
DA:260,0
FN:260,MockPointerInterface.getAddress
FNDA:0,MockPointerInterface.getAddress
DA:261,0
DA:268,0
FN:268,MockENS.setResolver
FNDA:0,MockENS.setResolver
DA:269,0
DA:272,0
FN:272,MockENS.resolver
FNDA:0,MockENS.resolver
DA:273,0
DA:274,0
BRDA:274,0,0,-
BRDA:274,0,1,-
DA:275,0
DA:278,0
FN:278,MockENS.owner
FNDA:0,MockENS.owner
DA:279,0
DA:282,0
FN:282,MockENS.setOwner
FNDA:0,MockENS.setOwner
DA:284,0
FN:284,MockENS.setSubnodeOwner
FNDA:0,MockENS.setSubnodeOwner
DA:286,0
FN:286,MockENS.setTTL
FNDA:0,MockENS.setTTL
DA:288,0
FN:288,MockENS.ttl
FNDA:0,MockENS.ttl
DA:289,0
DA:296,0
FN:296,MockENSResolver.setAddr
FNDA:0,MockENSResolver.setAddr
DA:297,0
DA:300,0
FN:300,MockENSResolver.addr
FNDA:0,MockENSResolver.addr
DA:301,0
DA:302,0
BRDA:302,0,0,-
BRDA:302,0,1,-
DA:303,0
FNF:11
FNH:0
LF:23
LH:0
BRF:4
BRH:0
end_of_record
TN:
SF:test/FunctionsOracle.t.sol
DA:9,3
FN:9,OracleHarness.exposed_initData
FNDA:3,OracleHarness.exposed_initData
DA:10,3
FNF:1
FNH:1
LF:2
LH:2
BRF:0
BRH:0
end_of_record
TN:
SF:test/IndexFactory.t.sol
DA:22,45
FN:22,MockUSDC.mint
FNDA:45,MockUSDC.mint
DA:23,45
DA:28,2
FN:28,MockBERNX.mint
FNDA:2,MockBERNX.mint
DA:29,2
DA:34,2
FN:34,MockIDXc5.mint
FNDA:2,MockIDXc5.mint
DA:35,2
DA:42,22
FN:42,DummyCrypto5Factory.constructor
FNDA:22,DummyCrypto5Factory.constructor
DA:43,22
DA:46,2
FN:46,DummyCrypto5Factory.issuanceIndexTokens
FNDA:2,DummyCrypto5Factory.issuanceIndexTokens
DA:47,2
DA:50,0
FN:50,DummyCrypto5Factory.redemption
FNDA:0,DummyCrypto5Factory.redemption
DA:54,22
FN:54,TestFunctionsOracle.seed
FNDA:22,TestFunctionsOracle.seed
DA:55,22
FNF:7
FNH:6
LF:13
LH:12
BRF:0
BRH:0
end_of_record
TN:
SF:test/IndexFactoryStorage.t.sol
DA:21,0
FN:21,MockUSDC.mint
FNDA:0,MockUSDC.mint
DA:22,0
FNF:1
FNH:0
LF:2
LH:0
BRF:0
BRH:0
end_of_record
TN:
SF:test/ProposableOwnableTest.t.sol
DA:8,6
FN:8,ProposableOwnableMock.constructor
FNDA:6,ProposableOwnableMock.constructor
DA:9,6
FNF:1
FNH:1
LF:2
LH:2
BRF:0
BRH:0
end_of_record
TN:
SF:test/ProposableOwnableUpgradeableTest.t.sol
DA:61,5
FN:61,ProposableOwnableUpgradeableMock.initialize
FNDA:5,ProposableOwnableUpgradeableMock.initialize
DA:62,5
DA:63,5
FNF:1
FNH:1
LF:3
LH:3
BRF:0
BRH:0
end_of_record
TN:
SF:test/StagingCustodyAccount.t.sol
DA:19,35
FN:19,MockUSDC.mint
FNDA:35,MockUSDC.mint
DA:20,35
DA:25,0
FN:25,MockBernx.mint
FNDA:0,MockBernx.mint
DA:26,0
DA:31,29
FN:31,TestFunctionsOracle.seed
FNDA:29,TestFunctionsOracle.seed
DA:32,29
FNF:3
FNH:2
LF:6
LH:4
BRF:0
BRH:0
end_of_record
TN:
SF:test/helpers/LinkToken.sol
DA:562,0
FN:562,ERC677Token.transferAndCall
FNDA:0,ERC677Token.transferAndCall
DA:568,0
DA:569,0
DA:570,0
BRDA:570,0,0,-
DA:571,0
DA:573,0
DA:578,0
FN:578,ERC677Token.contractFallback
FNDA:0,ERC677Token.contractFallback
DA:579,0
DA:580,0
DA:583,0
FN:583,ERC677Token.isContract
FNDA:0,ERC677Token.isContract
DA:584,0
DA:586,0
DA:588,0
DA:643,22
FN:643,LinkToken.constructor
FNDA:22,LinkToken.constructor
DA:644,22
DA:652,22
FN:652,LinkToken._onCreate
FNDA:22,LinkToken._onCreate
DA:653,22
DA:702,0
FN:702,LinkToken.validAddress
FNDA:0,LinkToken.validAddress
DA:703,0
BRDA:703,0,0,-
BRDA:703,0,1,-
FNF:6
FNH:2
LF:19
LH:4
BRF:3
BRH:0
end_of_record
TN:
SF:test/mocks/MockERC20.sol
DA:9,5
FN:9,MockERC20.mint
FNDA:5,MockERC20.mint
DA:10,5
FNF:1
FNH:1
LF:2
LH:2
BRF:0
BRH:0
end_of_record
TN:
SF:test/mocks/MockRouter.sol
DA:59,0
FN:59,MockRouter3.setFactoryChainSelector
FNDA:0,MockRouter3.setFactoryChainSelector
DA:60,0
DA:63,0
FN:63,MockRouter3.routeMessage
FNDA:0,MockRouter3.routeMessage
DA:69,0
DA:72,0
FN:72,MockRouter3._routeMessage
FNDA:0,MockRouter3._routeMessage
DA:88,0
DA:89,0
DA:90,0
BRDA:90,0,0,-
DA:91,0
DA:94,0
DA:96,0
DA:101,0
DA:104,0
DA:105,0
DA:112,0
FN:112,MockRouter3.ccipSend
FNDA:0,MockRouter3.ccipSend
DA:118,0
BRDA:118,1,0,-
DA:119,0
DA:121,0
BRDA:121,2,0,-
DA:123,0
DA:124,0
BRDA:124,3,0,-
BRDA:124,3,1,-
DA:125,0
BRDA:125,4,0,-
DA:127,0
BRDA:127,5,0,-
DA:128,0
DA:131,0
DA:132,0
DA:133,0
DA:135,0
DA:144,0
DA:145,0
DA:148,0
DA:149,0
DA:165,0
DA:166,0
DA:171,0
DA:175,0
FN:175,MockRouter3.executeMessage
FNDA:0,MockRouter3.executeMessage
DA:176,0
DA:178,0
BRDA:178,6,0,-
DA:179,0
DA:181,0
DA:182,0
DA:184,0
DA:186,0
DA:191,0
DA:195,0
BRDA:195,7,0,-
DA:200,0
FN:200,MockRouter3.executeAllMessages
FNDA:0,MockRouter3.executeAllMessages
DA:201,0
DA:202,0
DA:206,0
FN:206,MockRouter3._fromBytes
FNDA:0,MockRouter3._fromBytes
DA:207,0
BRDA:207,8,0,-
DA:208,0
DA:210,0
BRDA:210,9,0,-
DA:211,0
DA:215,0
FN:215,MockRouter3.isChainSupported
FNDA:0,MockRouter3.isChainSupported
DA:216,0
DA:220,0
FN:220,MockRouter3.getSupportedTokens
FNDA:0,MockRouter3.getSupportedTokens
DA:221,0
DA:225,0
FN:225,MockRouter3.getFee
FNDA:0,MockRouter3.getFee
DA:226,0
DA:230,0
FN:230,MockRouter3.setFee
FNDA:0,MockRouter3.setFee
DA:231,0
DA:235,0
FN:235,MockRouter3.getOnRamp
FNDA:0,MockRouter3.getOnRamp
DA:236,0
DA:240,0
FN:240,MockRouter3.isOffRamp
FNDA:0,MockRouter3.isOffRamp
DA:246,0
FNF:13
FNH:0
LF:64
LH:0
BRF:11
BRH:0
end_of_record
